[debug] [2020-12-30T02:42:57.544Z] ----------------------------------------------------------------------
[debug] [2020-12-30T02:42:57.546Z] Command:       C:\Program Files\nodejs\node.exe C:\Program Files\nodejs\node_modules\firebase-tools\lib\bin\firebase.js deploy --only functions --debug
[debug] [2020-12-30T02:42:57.547Z] CLI Version:   9.1.0
[debug] [2020-12-30T02:42:57.547Z] Platform:      win32
[debug] [2020-12-30T02:42:57.547Z] Node Version:  v11.0.0
[debug] [2020-12-30T02:42:57.548Z] Time:          Tue Dec 29 2020 21:42:57 GMT-0500 (Eastern Standard Time)
[debug] [2020-12-30T02:42:57.548Z] ----------------------------------------------------------------------
[debug] [2020-12-30T02:42:57.548Z] 
[debug] [2020-12-30T02:42:57.561Z] > command requires scopes: ["email","openid","https://www.googleapis.com/auth/cloudplatformprojects.readonly","https://www.googleapis.com/auth/firebase","https://www.googleapis.com/auth/cloud-platform"]
[debug] [2020-12-30T02:42:57.565Z] > authorizing via signed-in user
[debug] [2020-12-30T02:42:57.565Z] [iam] checking project coinly-1545671746670 for permissions ["cloudfunctions.functions.create","cloudfunctions.functions.delete","cloudfunctions.functions.get","cloudfunctions.functions.list","cloudfunctions.functions.update","cloudfunctions.operations.get","firebase.projects.get"]
[debug] [2020-12-30T02:42:57.572Z] >>> HTTP REQUEST POST https://cloudresourcemanager.googleapis.com/v1/projects/coinly-1545671746670:testIamPermissions  
 {"permissions":["cloudfunctions.functions.create","cloudfunctions.functions.delete","cloudfunctions.functions.get","cloudfunctions.functions.list","cloudfunctions.functions.update","cloudfunctions.operations.get","firebase.projects.get"]}
[debug] [2020-12-30T02:42:57.708Z] <<< HTTP RESPONSE 200 {"content-type":"application/json; charset=UTF-8","vary":"X-Origin, Referer, Origin,Accept-Encoding","date":"Wed, 30 Dec 2020 02:42:55 GMT","server":"ESF","cache-control":"private","x-xss-protection":"0","x-frame-options":"SAMEORIGIN","x-content-type-options":"nosniff","server-timing":"gfet4t7; dur=39","alt-svc":"h3-29=\":443\"; ma=2592000,h3-T051=\":443\"; ma=2592000,h3-Q050=\":443\"; ma=2592000,h3-Q046=\":443\"; ma=2592000,h3-Q043=\":443\"; ma=2592000,quic=\":443\"; ma=2592000; v=\"46,43\"","accept-ranges":"none","transfer-encoding":"chunked"}
[debug] [2020-12-30T02:42:57.718Z] >>> HTTP REQUEST POST https://iam.googleapis.com/v1/projects/coinly-1545671746670/serviceAccounts/coinly-1545671746670@appspot.gserviceaccount.com:testIamPermissions  
 {"permissions":["iam.serviceAccounts.actAs"]}
[debug] [2020-12-30T02:42:58.068Z] <<< HTTP RESPONSE 200 {"content-type":"application/json; charset=UTF-8","vary":"X-Origin, Referer, Origin,Accept-Encoding","date":"Wed, 30 Dec 2020 02:42:55 GMT","server":"ESF","cache-control":"private","x-xss-protection":"0","x-frame-options":"SAMEORIGIN","x-content-type-options":"nosniff","alt-svc":"h3-29=\":443\"; ma=2592000,h3-T051=\":443\"; ma=2592000,h3-Q050=\":443\"; ma=2592000,h3-Q046=\":443\"; ma=2592000,h3-Q043=\":443\"; ma=2592000,quic=\":443\"; ma=2592000; v=\"46,43\"","accept-ranges":"none","transfer-encoding":"chunked"}
[info] 
[info] === Deploying to 'coinly-1545671746670'...
[info] 
[info] i  deploying functions 
[info] +  functions: Finished running predeploy script. 
[debug] [2020-12-30T02:43:01.280Z] > [functions] package.json contents: {
  "name": "functions",
  "description": "Cloud Functions for Firebase",
  "scripts": {
    "serve": "firebase emulators:start --only functions",
    "shell": "firebase functions:shell",
    "start": "npm run shell",
    "deploy": "firebase deploy --only functions",
    "logs": "firebase functions:log"
  },
  "engines": {
    "node": "12"
  },
  "main": "index.js",
  "dependencies": {
    "firebase-admin": "^9.4.2",
    "firebase-functions": "^3.13.0"
  },
  "devDependencies": {
    "firebase-functions-test": "^0.2.0"
  },
  "private": true
}
[info] i  functions: ensuring required API cloudfunctions.googleapis.com is enabled... 
[info] i  functions: ensuring required API cloudbuild.googleapis.com is enabled... 
[debug] [2020-12-30T02:43:03.198Z] >>> HTTP REQUEST GET https://serviceusage.googleapis.com/v1/projects/coinly-1545671746670/services/cloudfunctions.googleapis.com  
 
[debug] [2020-12-30T02:43:03.201Z] >>> HTTP REQUEST GET https://serviceusage.googleapis.com/v1/projects/coinly-1545671746670/services/runtimeconfig.googleapis.com  
 
[debug] [2020-12-30T02:43:03.202Z] >>> HTTP REQUEST GET https://serviceusage.googleapis.com/v1/projects/coinly-1545671746670/services/cloudbuild.googleapis.com  
 
[debug] [2020-12-30T02:43:03.604Z] <<< HTTP RESPONSE 200 {"content-type":"application/json; charset=UTF-8","vary":"X-Origin, Referer, Origin,Accept-Encoding","date":"Wed, 30 Dec 2020 02:43:01 GMT","server":"ESF","cache-control":"private","x-xss-protection":"0","x-frame-options":"SAMEORIGIN","x-content-type-options":"nosniff","alt-svc":"h3-29=\":443\"; ma=2592000,h3-T051=\":443\"; ma=2592000,h3-Q050=\":443\"; ma=2592000,h3-Q046=\":443\"; ma=2592000,h3-Q043=\":443\"; ma=2592000,quic=\":443\"; ma=2592000; v=\"46,43\"","accept-ranges":"none","transfer-encoding":"chunked"}
[debug] [2020-12-30T02:43:03.620Z] <<< HTTP RESPONSE 200 {"content-type":"application/json; charset=UTF-8","vary":"X-Origin, Referer, Origin,Accept-Encoding","date":"Wed, 30 Dec 2020 02:43:01 GMT","server":"ESF","cache-control":"private","x-xss-protection":"0","x-frame-options":"SAMEORIGIN","x-content-type-options":"nosniff","alt-svc":"h3-29=\":443\"; ma=2592000,h3-T051=\":443\"; ma=2592000,h3-Q050=\":443\"; ma=2592000,h3-Q046=\":443\"; ma=2592000,h3-Q043=\":443\"; ma=2592000,quic=\":443\"; ma=2592000; v=\"46,43\"","accept-ranges":"none","transfer-encoding":"chunked"}
[info] +  functions: required API cloudfunctions.googleapis.com is enabled 
[debug] [2020-12-30T02:43:03.629Z] <<< HTTP RESPONSE 200 {"content-type":"application/json; charset=UTF-8","vary":"X-Origin, Referer, Origin,Accept-Encoding","date":"Wed, 30 Dec 2020 02:43:01 GMT","server":"ESF","cache-control":"private","x-xss-protection":"0","x-frame-options":"SAMEORIGIN","x-content-type-options":"nosniff","alt-svc":"h3-29=\":443\"; ma=2592000,h3-T051=\":443\"; ma=2592000,h3-Q050=\":443\"; ma=2592000,h3-Q046=\":443\"; ma=2592000,h3-Q043=\":443\"; ma=2592000,quic=\":443\"; ma=2592000; v=\"46,43\"","accept-ranges":"none","transfer-encoding":"chunked"}
[info] +  functions: required API cloudbuild.googleapis.com is enabled 
[debug] [2020-12-30T02:43:03.637Z] >>> HTTP REQUEST GET https://firebase.googleapis.com/v1beta1/projects/coinly-1545671746670/adminSdkConfig  
 
[debug] [2020-12-30T02:43:03.905Z] <<< HTTP RESPONSE 200 {"content-type":"application/json; charset=UTF-8","vary":"X-Origin, Referer, Origin,Accept-Encoding","date":"Wed, 30 Dec 2020 02:43:01 GMT","server":"ESF","cache-control":"private","x-xss-protection":"0","x-frame-options":"SAMEORIGIN","x-content-type-options":"nosniff","alt-svc":"h3-29=\":443\"; ma=2592000,h3-T051=\":443\"; ma=2592000,h3-Q050=\":443\"; ma=2592000,h3-Q046=\":443\"; ma=2592000,h3-Q043=\":443\"; ma=2592000,quic=\":443\"; ma=2592000; v=\"46,43\"","accept-ranges":"none","transfer-encoding":"chunked"}
[info] i  functions: preparing functions directory for uploading... 
[debug] [2020-12-30T02:43:03.921Z] >>> HTTP REQUEST GET https://runtimeconfig.googleapis.com/v1beta1/projects/coinly-1545671746670/configs  
 
[debug] [2020-12-30T02:43:04.416Z] <<< HTTP RESPONSE 200 {"content-type":"application/json; charset=UTF-8","vary":"X-Origin, Referer, Origin,Accept-Encoding","date":"Wed, 30 Dec 2020 02:43:02 GMT","server":"ESF","cache-control":"private","x-xss-protection":"0","x-frame-options":"SAMEORIGIN","x-content-type-options":"nosniff","alt-svc":"h3-29=\":443\"; ma=2592000,h3-T051=\":443\"; ma=2592000,h3-Q050=\":443\"; ma=2592000,h3-Q046=\":443\"; ma=2592000,h3-Q043=\":443\"; ma=2592000,quic=\":443\"; ma=2592000; v=\"46,43\"","accept-ranges":"none","transfer-encoding":"chunked"}
[info] i  functions: packaged functions (24.75 KB) for uploading 
[debug] [2020-12-30T02:43:05.177Z] >>> HTTP REQUEST GET https://cloudfunctions.googleapis.com/v1/projects/coinly-1545671746670/locations/-/functions  
 
[debug] [2020-12-30T02:43:06.568Z] <<< HTTP RESPONSE 200 {"content-type":"application/json; charset=UTF-8","vary":"X-Origin, Referer, Origin,Accept-Encoding","date":"Wed, 30 Dec 2020 02:43:04 GMT","server":"ESF","cache-control":"private","x-xss-protection":"0","x-frame-options":"SAMEORIGIN","x-content-type-options":"nosniff","alt-svc":"h3-29=\":443\"; ma=2592000,h3-T051=\":443\"; ma=2592000,h3-Q050=\":443\"; ma=2592000,h3-Q046=\":443\"; ma=2592000,h3-Q043=\":443\"; ma=2592000,quic=\":443\"; ma=2592000; v=\"46,43\"","accept-ranges":"none","transfer-encoding":"chunked"}
[debug] [2020-12-30T02:43:06.585Z] >>> HTTP REQUEST POST https://cloudfunctions.googleapis.com/v1/projects/coinly-1545671746670/locations/us-central1/functions:generateUploadUrl  
 
[debug] [2020-12-30T02:43:07.182Z] <<< HTTP RESPONSE 200 {"content-type":"application/json; charset=UTF-8","vary":"X-Origin, Referer, Origin,Accept-Encoding","date":"Wed, 30 Dec 2020 02:43:05 GMT","server":"ESF","cache-control":"private","x-xss-protection":"0","x-frame-options":"SAMEORIGIN","x-content-type-options":"nosniff","alt-svc":"h3-29=\":443\"; ma=2592000,h3-T051=\":443\"; ma=2592000,h3-Q050=\":443\"; ma=2592000,h3-Q046=\":443\"; ma=2592000,h3-Q043=\":443\"; ma=2592000,quic=\":443\"; ma=2592000; v=\"46,43\"","accept-ranges":"none","transfer-encoding":"chunked"}
[debug] [2020-12-30T02:43:07.196Z] >>> HTTP REQUEST PUT https://storage.googleapis.com/gcf-upload-us-central1-33d83606-9a96-415a-b045-d9c99c3a04d7/51845277-5798-4a1f-95be-9e89d6cf81e0.zip?GoogleAccessId=service-1094161499146@gcf-admin-robot.iam.gserviceaccount.com&Expires=1609297984&Signature=vrXf5qhI9NSYDObULT49AjWEtnbpKVEzvULxg94LTTXCf2yeQmEF3NmPqPXSWKQLRLq9LIBxsyv7Qtb%2FU6HyWfw0wxuIJsEPqCZ4IQffvSNymEVAMsdLoTQuukWTtFom72nhq%2BsgaKekd%2B1x1JHaJMKTq4KNWo6kJevte%2BtfEnG8u9kZe%2FrBJCu2s8n7U6TFYjCo8jelVcEvfFqZ%2FOPoRt6EDAerpME6fBtP3GDlayhQJn3u2oP9C0G32u%2BaeQ2gTKHvNqeukoBmlrmWXAZ0RL7dM0eh3KYw4qt%2FRxRBv%2Bqxk7VG7X2TbjNCKuEPo9qx3in0cIyoMGZh65k6q0DglA%3D%3D  
 <request body omitted>
[debug] [2020-12-30T02:43:07.386Z] <<< HTTP RESPONSE 200 {"x-guploader-uploadid":"ABg5-UwnJTZjjGl4ta69NhnqFCzBlGt7EJ_UnOhmghnt3j3HMeqoUNw0K1vZ6cnI2hDZUhobwtzby0ukyyaNYIW-Gxa07LRSbg","etag":"\"df83f938ddacfff5bda7d3864e771c6e\"","x-goog-generation":"1609296185298148","x-goog-metageneration":"1","x-goog-hash":"crc32c=VOu+ZA==, md5=34P5ON2s//W9p9OGTnccbg==","x-goog-stored-content-length":"25344","x-goog-stored-content-encoding":"identity","vary":"Origin","content-length":"0","date":"Wed, 30 Dec 2020 02:43:05 GMT","server":"UploadServer","content-type":"text/html; charset=UTF-8","alt-svc":"h3-29=\":443\"; ma=2592000,h3-T051=\":443\"; ma=2592000,h3-Q050=\":443\"; ma=2592000,h3-Q046=\":443\"; ma=2592000,h3-Q043=\":443\"; ma=2592000,quic=\":443\"; ma=2592000; v=\"46,43\""}
[info] +  functions: functions folder uploaded successfully 
[info] i  functions: creating Node.js 12 function notificationListener(us-central1)... 
[debug] [2020-12-30T02:43:07.408Z] Trigger is:  {"eventTrigger":{"resource":"projects/coinly-1545671746670/databases/(default)/documents/users/{userEmail}/notifications/{notificationId}","eventType":"providers/cloud.firestore/eventTypes/document.write","service":"firestore.googleapis.com"}}
[debug] [2020-12-30T02:43:07.423Z] >>> HTTP REQUEST POST https://cloudfunctions.googleapis.com/v1/projects/coinly-1545671746670/locations/us-central1/functions  
 {"sourceUploadUrl":"https://storage.googleapis.com/gcf-upload-us-central1-33d83606-9a96-415a-b045-d9c99c3a04d7/51845277-5798-4a1f-95be-9e89d6cf81e0.zip?GoogleAccessId=service-1094161499146@gcf-admin-robot.iam.gserviceaccount.com&Expires=1609297984&Signature=vrXf5qhI9NSYDObULT49AjWEtnbpKVEzvULxg94LTTXCf2yeQmEF3NmPqPXSWKQLRLq9LIBxsyv7Qtb%2FU6HyWfw0wxuIJsEPqCZ4IQffvSNymEVAMsdLoTQuukWTtFom72nhq%2BsgaKekd%2B1x1JHaJMKTq4KNWo6kJevte%2BtfEnG8u9kZe%2FrBJCu2s8n7U6TFYjCo8jelVcEvfFqZ%2FOPoRt6EDAerpME6fBtP3GDlayhQJn3u2oP9C0G32u%2BaeQ2gTKHvNqeukoBmlrmWXAZ0RL7dM0eh3KYw4qt%2FRxRBv%2Bqxk7VG7X2TbjNCKuEPo9qx3in0cIyoMGZh65k6q0DglA%3D%3D","name":"projects/coinly-1545671746670/locations/us-central1/functions/notificationListener","entryPoint":"notificationListener","labels":{"deployment-tool":"cli-firebase"},"runtime":"nodejs12","environmentVariables":{"FIREBASE_CONFIG":"{\"projectId\":\"coinly-1545671746670\",\"databaseURL\":\"https://coinly-1545671746670.firebaseio.com\",\"storageBucket\":\"coinly-1545671746670.appspot.com\",\"locationId\":\"us-central\"}"},"eventTrigger":{"resource":"projects/coinly-1545671746670/databases/(default)/documents/users/{userEmail}/notifications/{notificationId}","eventType":"providers/cloud.firestore/eventTypes/document.write","service":"firestore.googleapis.com"}}
[debug] [2020-12-30T02:43:07.899Z] <<< HTTP RESPONSE 200 {"content-type":"application/json; charset=UTF-8","vary":"X-Origin, Referer, Origin,Accept-Encoding","date":"Wed, 30 Dec 2020 02:43:05 GMT","server":"ESF","cache-control":"private","x-xss-protection":"0","x-frame-options":"SAMEORIGIN","x-content-type-options":"nosniff","alt-svc":"h3-29=\":443\"; ma=2592000,h3-T051=\":443\"; ma=2592000,h3-Q050=\":443\"; ma=2592000,h3-Q046=\":443\"; ma=2592000,h3-Q043=\":443\"; ma=2592000,quic=\":443\"; ma=2592000; v=\"46,43\"","accept-ranges":"none","transfer-encoding":"chunked"}
[debug] [2020-12-30T02:43:07.913Z] >>> HTTP REQUEST GET https://cloudfunctions.googleapis.com/v1/operations/Y29pbmx5LTE1NDU2NzE3NDY2NzAvdXMtY2VudHJhbDEvbm90aWZpY2F0aW9uTGlzdGVuZXIvX0pYWG1GcFFWTVE  
 
[debug] [2020-12-30T02:43:08.103Z] <<< HTTP RESPONSE 200 {"content-type":"application/json; charset=UTF-8","vary":"X-Origin, Referer, Origin,Accept-Encoding","date":"Wed, 30 Dec 2020 02:43:05 GMT","server":"ESF","cache-control":"private","x-xss-protection":"0","x-frame-options":"SAMEORIGIN","x-content-type-options":"nosniff","alt-svc":"h3-29=\":443\"; ma=2592000,h3-T051=\":443\"; ma=2592000,h3-Q050=\":443\"; ma=2592000,h3-Q046=\":443\"; ma=2592000,h3-Q043=\":443\"; ma=2592000,quic=\":443\"; ma=2592000; v=\"46,43\"","accept-ranges":"none","transfer-encoding":"chunked"}
[debug] [2020-12-30T02:43:10.114Z] >>> HTTP REQUEST GET https://cloudfunctions.googleapis.com/v1/operations/Y29pbmx5LTE1NDU2NzE3NDY2NzAvdXMtY2VudHJhbDEvbm90aWZpY2F0aW9uTGlzdGVuZXIvX0pYWG1GcFFWTVE  
 
[debug] [2020-12-30T02:43:10.275Z] <<< HTTP RESPONSE 200 {"content-type":"application/json; charset=UTF-8","vary":"X-Origin, Referer, Origin,Accept-Encoding","date":"Wed, 30 Dec 2020 02:43:08 GMT","server":"ESF","cache-control":"private","x-xss-protection":"0","x-frame-options":"SAMEORIGIN","x-content-type-options":"nosniff","alt-svc":"h3-29=\":443\"; ma=2592000,h3-T051=\":443\"; ma=2592000,h3-Q050=\":443\"; ma=2592000,h3-Q046=\":443\"; ma=2592000,h3-Q043=\":443\"; ma=2592000,quic=\":443\"; ma=2592000; v=\"46,43\"","accept-ranges":"none","transfer-encoding":"chunked"}
[debug] [2020-12-30T02:43:12.291Z] >>> HTTP REQUEST GET https://cloudfunctions.googleapis.com/v1/operations/Y29pbmx5LTE1NDU2NzE3NDY2NzAvdXMtY2VudHJhbDEvbm90aWZpY2F0aW9uTGlzdGVuZXIvX0pYWG1GcFFWTVE  
 
[debug] [2020-12-30T02:43:12.413Z] <<< HTTP RESPONSE 200 {"content-type":"application/json; charset=UTF-8","vary":"X-Origin, Referer, Origin,Accept-Encoding","date":"Wed, 30 Dec 2020 02:43:10 GMT","server":"ESF","cache-control":"private","x-xss-protection":"0","x-frame-options":"SAMEORIGIN","x-content-type-options":"nosniff","alt-svc":"h3-29=\":443\"; ma=2592000,h3-T051=\":443\"; ma=2592000,h3-Q050=\":443\"; ma=2592000,h3-Q046=\":443\"; ma=2592000,h3-Q043=\":443\"; ma=2592000,quic=\":443\"; ma=2592000; v=\"46,43\"","accept-ranges":"none","transfer-encoding":"chunked"}
[debug] [2020-12-30T02:43:14.423Z] >>> HTTP REQUEST GET https://cloudfunctions.googleapis.com/v1/operations/Y29pbmx5LTE1NDU2NzE3NDY2NzAvdXMtY2VudHJhbDEvbm90aWZpY2F0aW9uTGlzdGVuZXIvX0pYWG1GcFFWTVE  
 
[debug] [2020-12-30T02:43:14.657Z] <<< HTTP RESPONSE 200 {"content-type":"application/json; charset=UTF-8","vary":"X-Origin, Referer, Origin,Accept-Encoding","date":"Wed, 30 Dec 2020 02:43:12 GMT","server":"ESF","cache-control":"private","x-xss-protection":"0","x-frame-options":"SAMEORIGIN","x-content-type-options":"nosniff","alt-svc":"h3-29=\":443\"; ma=2592000,h3-T051=\":443\"; ma=2592000,h3-Q050=\":443\"; ma=2592000,h3-Q046=\":443\"; ma=2592000,h3-Q043=\":443\"; ma=2592000,quic=\":443\"; ma=2592000; v=\"46,43\"","accept-ranges":"none","transfer-encoding":"chunked"}
[debug] [2020-12-30T02:43:16.668Z] >>> HTTP REQUEST GET https://cloudfunctions.googleapis.com/v1/operations/Y29pbmx5LTE1NDU2NzE3NDY2NzAvdXMtY2VudHJhbDEvbm90aWZpY2F0aW9uTGlzdGVuZXIvX0pYWG1GcFFWTVE  
 
[debug] [2020-12-30T02:43:16.827Z] <<< HTTP RESPONSE 200 {"content-type":"application/json; charset=UTF-8","vary":"X-Origin, Referer, Origin,Accept-Encoding","date":"Wed, 30 Dec 2020 02:43:14 GMT","server":"ESF","cache-control":"private","x-xss-protection":"0","x-frame-options":"SAMEORIGIN","x-content-type-options":"nosniff","alt-svc":"h3-29=\":443\"; ma=2592000,h3-T051=\":443\"; ma=2592000,h3-Q050=\":443\"; ma=2592000,h3-Q046=\":443\"; ma=2592000,h3-Q043=\":443\"; ma=2592000,quic=\":443\"; ma=2592000; v=\"46,43\"","accept-ranges":"none","transfer-encoding":"chunked"}
[debug] [2020-12-30T02:43:18.834Z] >>> HTTP REQUEST GET https://cloudfunctions.googleapis.com/v1/operations/Y29pbmx5LTE1NDU2NzE3NDY2NzAvdXMtY2VudHJhbDEvbm90aWZpY2F0aW9uTGlzdGVuZXIvX0pYWG1GcFFWTVE  
 
[debug] [2020-12-30T02:43:18.961Z] <<< HTTP RESPONSE 200 {"content-type":"application/json; charset=UTF-8","vary":"X-Origin, Referer, Origin,Accept-Encoding","date":"Wed, 30 Dec 2020 02:43:16 GMT","server":"ESF","cache-control":"private","x-xss-protection":"0","x-frame-options":"SAMEORIGIN","x-content-type-options":"nosniff","alt-svc":"h3-29=\":443\"; ma=2592000,h3-T051=\":443\"; ma=2592000,h3-Q050=\":443\"; ma=2592000,h3-Q046=\":443\"; ma=2592000,h3-Q043=\":443\"; ma=2592000,quic=\":443\"; ma=2592000; v=\"46,43\"","accept-ranges":"none","transfer-encoding":"chunked"}
[debug] [2020-12-30T02:43:20.969Z] >>> HTTP REQUEST GET https://cloudfunctions.googleapis.com/v1/operations/Y29pbmx5LTE1NDU2NzE3NDY2NzAvdXMtY2VudHJhbDEvbm90aWZpY2F0aW9uTGlzdGVuZXIvX0pYWG1GcFFWTVE  
 
[debug] [2020-12-30T02:43:21.096Z] <<< HTTP RESPONSE 200 {"content-type":"application/json; charset=UTF-8","vary":"X-Origin, Referer, Origin,Accept-Encoding","date":"Wed, 30 Dec 2020 02:43:19 GMT","server":"ESF","cache-control":"private","x-xss-protection":"0","x-frame-options":"SAMEORIGIN","x-content-type-options":"nosniff","alt-svc":"h3-29=\":443\"; ma=2592000,h3-T051=\":443\"; ma=2592000,h3-Q050=\":443\"; ma=2592000,h3-Q046=\":443\"; ma=2592000,h3-Q043=\":443\"; ma=2592000,quic=\":443\"; ma=2592000; v=\"46,43\"","accept-ranges":"none","transfer-encoding":"chunked"}
[debug] [2020-12-30T02:43:23.105Z] >>> HTTP REQUEST GET https://cloudfunctions.googleapis.com/v1/operations/Y29pbmx5LTE1NDU2NzE3NDY2NzAvdXMtY2VudHJhbDEvbm90aWZpY2F0aW9uTGlzdGVuZXIvX0pYWG1GcFFWTVE  
 
[debug] [2020-12-30T02:43:23.235Z] <<< HTTP RESPONSE 200 {"content-type":"application/json; charset=UTF-8","vary":"X-Origin, Referer, Origin,Accept-Encoding","date":"Wed, 30 Dec 2020 02:43:21 GMT","server":"ESF","cache-control":"private","x-xss-protection":"0","x-frame-options":"SAMEORIGIN","x-content-type-options":"nosniff","alt-svc":"h3-29=\":443\"; ma=2592000,h3-T051=\":443\"; ma=2592000,h3-Q050=\":443\"; ma=2592000,h3-Q046=\":443\"; ma=2592000,h3-Q043=\":443\"; ma=2592000,quic=\":443\"; ma=2592000; v=\"46,43\"","accept-ranges":"none","transfer-encoding":"chunked"}
[debug] [2020-12-30T02:43:25.244Z] >>> HTTP REQUEST GET https://cloudfunctions.googleapis.com/v1/operations/Y29pbmx5LTE1NDU2NzE3NDY2NzAvdXMtY2VudHJhbDEvbm90aWZpY2F0aW9uTGlzdGVuZXIvX0pYWG1GcFFWTVE  
 
[debug] [2020-12-30T02:43:25.370Z] <<< HTTP RESPONSE 200 {"content-type":"application/json; charset=UTF-8","vary":"X-Origin, Referer, Origin,Accept-Encoding","date":"Wed, 30 Dec 2020 02:43:23 GMT","server":"ESF","cache-control":"private","x-xss-protection":"0","x-frame-options":"SAMEORIGIN","x-content-type-options":"nosniff","alt-svc":"h3-29=\":443\"; ma=2592000,h3-T051=\":443\"; ma=2592000,h3-Q050=\":443\"; ma=2592000,h3-Q046=\":443\"; ma=2592000,h3-Q043=\":443\"; ma=2592000,quic=\":443\"; ma=2592000; v=\"46,43\"","accept-ranges":"none","transfer-encoding":"chunked"}
[debug] [2020-12-30T02:43:27.380Z] >>> HTTP REQUEST GET https://cloudfunctions.googleapis.com/v1/operations/Y29pbmx5LTE1NDU2NzE3NDY2NzAvdXMtY2VudHJhbDEvbm90aWZpY2F0aW9uTGlzdGVuZXIvX0pYWG1GcFFWTVE  
 
[debug] [2020-12-30T02:43:27.559Z] <<< HTTP RESPONSE 200 {"content-type":"application/json; charset=UTF-8","vary":"X-Origin, Referer, Origin,Accept-Encoding","date":"Wed, 30 Dec 2020 02:43:25 GMT","server":"ESF","cache-control":"private","x-xss-protection":"0","x-frame-options":"SAMEORIGIN","x-content-type-options":"nosniff","alt-svc":"h3-29=\":443\"; ma=2592000,h3-T051=\":443\"; ma=2592000,h3-Q050=\":443\"; ma=2592000,h3-Q046=\":443\"; ma=2592000,h3-Q043=\":443\"; ma=2592000,quic=\":443\"; ma=2592000; v=\"46,43\"","accept-ranges":"none","transfer-encoding":"chunked"}
[debug] [2020-12-30T02:43:29.570Z] >>> HTTP REQUEST GET https://cloudfunctions.googleapis.com/v1/operations/Y29pbmx5LTE1NDU2NzE3NDY2NzAvdXMtY2VudHJhbDEvbm90aWZpY2F0aW9uTGlzdGVuZXIvX0pYWG1GcFFWTVE  
 
[debug] [2020-12-30T02:43:29.698Z] <<< HTTP RESPONSE 200 {"content-type":"application/json; charset=UTF-8","vary":"X-Origin, Referer, Origin,Accept-Encoding","date":"Wed, 30 Dec 2020 02:43:27 GMT","server":"ESF","cache-control":"private","x-xss-protection":"0","x-frame-options":"SAMEORIGIN","x-content-type-options":"nosniff","alt-svc":"h3-29=\":443\"; ma=2592000,h3-T051=\":443\"; ma=2592000,h3-Q050=\":443\"; ma=2592000,h3-Q046=\":443\"; ma=2592000,h3-Q043=\":443\"; ma=2592000,quic=\":443\"; ma=2592000; v=\"46,43\"","accept-ranges":"none","transfer-encoding":"chunked"}
[debug] [2020-12-30T02:43:31.706Z] >>> HTTP REQUEST GET https://cloudfunctions.googleapis.com/v1/operations/Y29pbmx5LTE1NDU2NzE3NDY2NzAvdXMtY2VudHJhbDEvbm90aWZpY2F0aW9uTGlzdGVuZXIvX0pYWG1GcFFWTVE  
 
[debug] [2020-12-30T02:43:31.963Z] <<< HTTP RESPONSE 200 {"content-type":"application/json; charset=UTF-8","vary":"X-Origin, Referer, Origin,Accept-Encoding","date":"Wed, 30 Dec 2020 02:43:29 GMT","server":"ESF","cache-control":"private","x-xss-protection":"0","x-frame-options":"SAMEORIGIN","x-content-type-options":"nosniff","alt-svc":"h3-29=\":443\"; ma=2592000,h3-T051=\":443\"; ma=2592000,h3-Q050=\":443\"; ma=2592000,h3-Q046=\":443\"; ma=2592000,h3-Q043=\":443\"; ma=2592000,quic=\":443\"; ma=2592000; v=\"46,43\"","accept-ranges":"none","transfer-encoding":"chunked"}
[debug] [2020-12-30T02:43:33.979Z] >>> HTTP REQUEST GET https://cloudfunctions.googleapis.com/v1/operations/Y29pbmx5LTE1NDU2NzE3NDY2NzAvdXMtY2VudHJhbDEvbm90aWZpY2F0aW9uTGlzdGVuZXIvX0pYWG1GcFFWTVE  
 
[debug] [2020-12-30T02:43:34.104Z] <<< HTTP RESPONSE 200 {"content-type":"application/json; charset=UTF-8","vary":"X-Origin, Referer, Origin,Accept-Encoding","date":"Wed, 30 Dec 2020 02:43:32 GMT","server":"ESF","cache-control":"private","x-xss-protection":"0","x-frame-options":"SAMEORIGIN","x-content-type-options":"nosniff","alt-svc":"h3-29=\":443\"; ma=2592000,h3-T051=\":443\"; ma=2592000,h3-Q050=\":443\"; ma=2592000,h3-Q046=\":443\"; ma=2592000,h3-Q043=\":443\"; ma=2592000,quic=\":443\"; ma=2592000; v=\"46,43\"","accept-ranges":"none","transfer-encoding":"chunked"}
[debug] [2020-12-30T02:43:36.112Z] >>> HTTP REQUEST GET https://cloudfunctions.googleapis.com/v1/operations/Y29pbmx5LTE1NDU2NzE3NDY2NzAvdXMtY2VudHJhbDEvbm90aWZpY2F0aW9uTGlzdGVuZXIvX0pYWG1GcFFWTVE  
 
[debug] [2020-12-30T02:43:36.237Z] <<< HTTP RESPONSE 200 {"content-type":"application/json; charset=UTF-8","vary":"X-Origin, Referer, Origin,Accept-Encoding","date":"Wed, 30 Dec 2020 02:43:34 GMT","server":"ESF","cache-control":"private","x-xss-protection":"0","x-frame-options":"SAMEORIGIN","x-content-type-options":"nosniff","alt-svc":"h3-29=\":443\"; ma=2592000,h3-T051=\":443\"; ma=2592000,h3-Q050=\":443\"; ma=2592000,h3-Q046=\":443\"; ma=2592000,h3-Q043=\":443\"; ma=2592000,quic=\":443\"; ma=2592000; v=\"46,43\"","accept-ranges":"none","transfer-encoding":"chunked"}
[debug] [2020-12-30T02:43:38.245Z] >>> HTTP REQUEST GET https://cloudfunctions.googleapis.com/v1/operations/Y29pbmx5LTE1NDU2NzE3NDY2NzAvdXMtY2VudHJhbDEvbm90aWZpY2F0aW9uTGlzdGVuZXIvX0pYWG1GcFFWTVE  
 
[debug] [2020-12-30T02:43:38.370Z] <<< HTTP RESPONSE 200 {"content-type":"application/json; charset=UTF-8","vary":"X-Origin, Referer, Origin,Accept-Encoding","date":"Wed, 30 Dec 2020 02:43:36 GMT","server":"ESF","cache-control":"private","x-xss-protection":"0","x-frame-options":"SAMEORIGIN","x-content-type-options":"nosniff","alt-svc":"h3-29=\":443\"; ma=2592000,h3-T051=\":443\"; ma=2592000,h3-Q050=\":443\"; ma=2592000,h3-Q046=\":443\"; ma=2592000,h3-Q043=\":443\"; ma=2592000,quic=\":443\"; ma=2592000; v=\"46,43\"","accept-ranges":"none","transfer-encoding":"chunked"}
[debug] [2020-12-30T02:43:40.379Z] >>> HTTP REQUEST GET https://cloudfunctions.googleapis.com/v1/operations/Y29pbmx5LTE1NDU2NzE3NDY2NzAvdXMtY2VudHJhbDEvbm90aWZpY2F0aW9uTGlzdGVuZXIvX0pYWG1GcFFWTVE  
 
[debug] [2020-12-30T02:43:40.504Z] <<< HTTP RESPONSE 200 {"content-type":"application/json; charset=UTF-8","vary":"X-Origin, Referer, Origin,Accept-Encoding","date":"Wed, 30 Dec 2020 02:43:38 GMT","server":"ESF","cache-control":"private","x-xss-protection":"0","x-frame-options":"SAMEORIGIN","x-content-type-options":"nosniff","alt-svc":"h3-29=\":443\"; ma=2592000,h3-T051=\":443\"; ma=2592000,h3-Q050=\":443\"; ma=2592000,h3-Q046=\":443\"; ma=2592000,h3-Q043=\":443\"; ma=2592000,quic=\":443\"; ma=2592000; v=\"46,43\"","accept-ranges":"none","transfer-encoding":"chunked"}
[debug] [2020-12-30T02:43:42.511Z] >>> HTTP REQUEST GET https://cloudfunctions.googleapis.com/v1/operations/Y29pbmx5LTE1NDU2NzE3NDY2NzAvdXMtY2VudHJhbDEvbm90aWZpY2F0aW9uTGlzdGVuZXIvX0pYWG1GcFFWTVE  
 
[debug] [2020-12-30T02:43:42.658Z] <<< HTTP RESPONSE 200 {"content-type":"application/json; charset=UTF-8","vary":"X-Origin, Referer, Origin,Accept-Encoding","date":"Wed, 30 Dec 2020 02:43:40 GMT","server":"ESF","cache-control":"private","x-xss-protection":"0","x-frame-options":"SAMEORIGIN","x-content-type-options":"nosniff","alt-svc":"h3-29=\":443\"; ma=2592000,h3-T051=\":443\"; ma=2592000,h3-Q050=\":443\"; ma=2592000,h3-Q046=\":443\"; ma=2592000,h3-Q043=\":443\"; ma=2592000,quic=\":443\"; ma=2592000; v=\"46,43\"","accept-ranges":"none","transfer-encoding":"chunked"}
[debug] [2020-12-30T02:43:44.668Z] >>> HTTP REQUEST GET https://cloudfunctions.googleapis.com/v1/operations/Y29pbmx5LTE1NDU2NzE3NDY2NzAvdXMtY2VudHJhbDEvbm90aWZpY2F0aW9uTGlzdGVuZXIvX0pYWG1GcFFWTVE  
 
[debug] [2020-12-30T02:43:44.796Z] <<< HTTP RESPONSE 200 {"content-type":"application/json; charset=UTF-8","vary":"X-Origin, Referer, Origin,Accept-Encoding","date":"Wed, 30 Dec 2020 02:43:42 GMT","server":"ESF","cache-control":"private","x-xss-protection":"0","x-frame-options":"SAMEORIGIN","x-content-type-options":"nosniff","alt-svc":"h3-29=\":443\"; ma=2592000,h3-T051=\":443\"; ma=2592000,h3-Q050=\":443\"; ma=2592000,h3-Q046=\":443\"; ma=2592000,h3-Q043=\":443\"; ma=2592000,quic=\":443\"; ma=2592000; v=\"46,43\"","accept-ranges":"none","transfer-encoding":"chunked"}
[debug] [2020-12-30T02:43:46.803Z] >>> HTTP REQUEST GET https://cloudfunctions.googleapis.com/v1/operations/Y29pbmx5LTE1NDU2NzE3NDY2NzAvdXMtY2VudHJhbDEvbm90aWZpY2F0aW9uTGlzdGVuZXIvX0pYWG1GcFFWTVE  
 
[debug] [2020-12-30T02:43:46.932Z] <<< HTTP RESPONSE 200 {"content-type":"application/json; charset=UTF-8","vary":"X-Origin, Referer, Origin,Accept-Encoding","date":"Wed, 30 Dec 2020 02:43:44 GMT","server":"ESF","cache-control":"private","x-xss-protection":"0","x-frame-options":"SAMEORIGIN","x-content-type-options":"nosniff","alt-svc":"h3-29=\":443\"; ma=2592000,h3-T051=\":443\"; ma=2592000,h3-Q050=\":443\"; ma=2592000,h3-Q046=\":443\"; ma=2592000,h3-Q043=\":443\"; ma=2592000,quic=\":443\"; ma=2592000; v=\"46,43\"","accept-ranges":"none","transfer-encoding":"chunked"}
[debug] [2020-12-30T02:43:48.941Z] >>> HTTP REQUEST GET https://cloudfunctions.googleapis.com/v1/operations/Y29pbmx5LTE1NDU2NzE3NDY2NzAvdXMtY2VudHJhbDEvbm90aWZpY2F0aW9uTGlzdGVuZXIvX0pYWG1GcFFWTVE  
 
[debug] [2020-12-30T02:43:49.064Z] <<< HTTP RESPONSE 200 {"content-type":"application/json; charset=UTF-8","vary":"X-Origin, Referer, Origin,Accept-Encoding","date":"Wed, 30 Dec 2020 02:43:46 GMT","server":"ESF","cache-control":"private","x-xss-protection":"0","x-frame-options":"SAMEORIGIN","x-content-type-options":"nosniff","alt-svc":"h3-29=\":443\"; ma=2592000,h3-T051=\":443\"; ma=2592000,h3-Q050=\":443\"; ma=2592000,h3-Q046=\":443\"; ma=2592000,h3-Q043=\":443\"; ma=2592000,quic=\":443\"; ma=2592000; v=\"46,43\"","accept-ranges":"none","transfer-encoding":"chunked"}
[debug] [2020-12-30T02:43:51.077Z] >>> HTTP REQUEST GET https://cloudfunctions.googleapis.com/v1/operations/Y29pbmx5LTE1NDU2NzE3NDY2NzAvdXMtY2VudHJhbDEvbm90aWZpY2F0aW9uTGlzdGVuZXIvX0pYWG1GcFFWTVE  
 
[debug] [2020-12-30T02:43:51.202Z] <<< HTTP RESPONSE 200 {"content-type":"application/json; charset=UTF-8","vary":"X-Origin, Referer, Origin,Accept-Encoding","date":"Wed, 30 Dec 2020 02:43:49 GMT","server":"ESF","cache-control":"private","x-xss-protection":"0","x-frame-options":"SAMEORIGIN","x-content-type-options":"nosniff","alt-svc":"h3-29=\":443\"; ma=2592000,h3-T051=\":443\"; ma=2592000,h3-Q050=\":443\"; ma=2592000,h3-Q046=\":443\"; ma=2592000,h3-Q043=\":443\"; ma=2592000,quic=\":443\"; ma=2592000; v=\"46,43\"","accept-ranges":"none","transfer-encoding":"chunked"}
[debug] [2020-12-30T02:43:53.215Z] >>> HTTP REQUEST GET https://cloudfunctions.googleapis.com/v1/operations/Y29pbmx5LTE1NDU2NzE3NDY2NzAvdXMtY2VudHJhbDEvbm90aWZpY2F0aW9uTGlzdGVuZXIvX0pYWG1GcFFWTVE  
 
[debug] [2020-12-30T02:43:53.352Z] <<< HTTP RESPONSE 200 {"content-type":"application/json; charset=UTF-8","vary":"X-Origin, Referer, Origin,Accept-Encoding","date":"Wed, 30 Dec 2020 02:43:51 GMT","server":"ESF","cache-control":"private","x-xss-protection":"0","x-frame-options":"SAMEORIGIN","x-content-type-options":"nosniff","alt-svc":"h3-29=\":443\"; ma=2592000,h3-T051=\":443\"; ma=2592000,h3-Q050=\":443\"; ma=2592000,h3-Q046=\":443\"; ma=2592000,h3-Q043=\":443\"; ma=2592000,quic=\":443\"; ma=2592000; v=\"46,43\"","accept-ranges":"none","transfer-encoding":"chunked"}
[debug] [2020-12-30T02:43:55.362Z] >>> HTTP REQUEST GET https://cloudfunctions.googleapis.com/v1/operations/Y29pbmx5LTE1NDU2NzE3NDY2NzAvdXMtY2VudHJhbDEvbm90aWZpY2F0aW9uTGlzdGVuZXIvX0pYWG1GcFFWTVE  
 
[debug] [2020-12-30T02:43:55.490Z] <<< HTTP RESPONSE 200 {"content-type":"application/json; charset=UTF-8","vary":"X-Origin, Referer, Origin,Accept-Encoding","date":"Wed, 30 Dec 2020 02:43:53 GMT","server":"ESF","cache-control":"private","x-xss-protection":"0","x-frame-options":"SAMEORIGIN","x-content-type-options":"nosniff","alt-svc":"h3-29=\":443\"; ma=2592000,h3-T051=\":443\"; ma=2592000,h3-Q050=\":443\"; ma=2592000,h3-Q046=\":443\"; ma=2592000,h3-Q043=\":443\"; ma=2592000,quic=\":443\"; ma=2592000; v=\"46,43\"","accept-ranges":"none","transfer-encoding":"chunked"}
[debug] [2020-12-30T02:43:57.498Z] >>> HTTP REQUEST GET https://cloudfunctions.googleapis.com/v1/operations/Y29pbmx5LTE1NDU2NzE3NDY2NzAvdXMtY2VudHJhbDEvbm90aWZpY2F0aW9uTGlzdGVuZXIvX0pYWG1GcFFWTVE  
 
[debug] [2020-12-30T02:43:57.639Z] <<< HTTP RESPONSE 200 {"content-type":"application/json; charset=UTF-8","vary":"X-Origin, Referer, Origin,Accept-Encoding","date":"Wed, 30 Dec 2020 02:43:55 GMT","server":"ESF","cache-control":"private","x-xss-protection":"0","x-frame-options":"SAMEORIGIN","x-content-type-options":"nosniff","alt-svc":"h3-29=\":443\"; ma=2592000,h3-T051=\":443\"; ma=2592000,h3-Q050=\":443\"; ma=2592000,h3-Q046=\":443\"; ma=2592000,h3-Q043=\":443\"; ma=2592000,quic=\":443\"; ma=2592000; v=\"46,43\"","accept-ranges":"none","transfer-encoding":"chunked"}
[debug] [2020-12-30T02:43:59.648Z] >>> HTTP REQUEST GET https://cloudfunctions.googleapis.com/v1/operations/Y29pbmx5LTE1NDU2NzE3NDY2NzAvdXMtY2VudHJhbDEvbm90aWZpY2F0aW9uTGlzdGVuZXIvX0pYWG1GcFFWTVE  
 
[debug] [2020-12-30T02:43:59.847Z] <<< HTTP RESPONSE 200 {"content-type":"application/json; charset=UTF-8","vary":"X-Origin, Referer, Origin,Accept-Encoding","date":"Wed, 30 Dec 2020 02:43:57 GMT","server":"ESF","cache-control":"private","x-xss-protection":"0","x-frame-options":"SAMEORIGIN","x-content-type-options":"nosniff","alt-svc":"h3-29=\":443\"; ma=2592000,h3-T051=\":443\"; ma=2592000,h3-Q050=\":443\"; ma=2592000,h3-Q046=\":443\"; ma=2592000,h3-Q043=\":443\"; ma=2592000,quic=\":443\"; ma=2592000; v=\"46,43\"","accept-ranges":"none","transfer-encoding":"chunked"}
[debug] [2020-12-30T02:44:01.872Z] >>> HTTP REQUEST GET https://cloudfunctions.googleapis.com/v1/operations/Y29pbmx5LTE1NDU2NzE3NDY2NzAvdXMtY2VudHJhbDEvbm90aWZpY2F0aW9uTGlzdGVuZXIvX0pYWG1GcFFWTVE  
 
[debug] [2020-12-30T02:44:01.991Z] <<< HTTP RESPONSE 200 {"content-type":"application/json; charset=UTF-8","vary":"X-Origin, Referer, Origin,Accept-Encoding","date":"Wed, 30 Dec 2020 02:43:59 GMT","server":"ESF","cache-control":"private","x-xss-protection":"0","x-frame-options":"SAMEORIGIN","x-content-type-options":"nosniff","alt-svc":"h3-29=\":443\"; ma=2592000,h3-T051=\":443\"; ma=2592000,h3-Q050=\":443\"; ma=2592000,h3-Q046=\":443\"; ma=2592000,h3-Q043=\":443\"; ma=2592000,quic=\":443\"; ma=2592000; v=\"46,43\"","accept-ranges":"none","transfer-encoding":"chunked"}
[debug] [2020-12-30T02:44:03.998Z] >>> HTTP REQUEST GET https://cloudfunctions.googleapis.com/v1/operations/Y29pbmx5LTE1NDU2NzE3NDY2NzAvdXMtY2VudHJhbDEvbm90aWZpY2F0aW9uTGlzdGVuZXIvX0pYWG1GcFFWTVE  
 
[debug] [2020-12-30T02:44:04.126Z] <<< HTTP RESPONSE 200 {"content-type":"application/json; charset=UTF-8","vary":"X-Origin, Referer, Origin,Accept-Encoding","date":"Wed, 30 Dec 2020 02:44:02 GMT","server":"ESF","cache-control":"private","x-xss-protection":"0","x-frame-options":"SAMEORIGIN","x-content-type-options":"nosniff","alt-svc":"h3-29=\":443\"; ma=2592000,h3-T051=\":443\"; ma=2592000,h3-Q050=\":443\"; ma=2592000,h3-Q046=\":443\"; ma=2592000,h3-Q043=\":443\"; ma=2592000,quic=\":443\"; ma=2592000; v=\"46,43\"","accept-ranges":"none","transfer-encoding":"chunked"}
[debug] [2020-12-30T02:44:06.135Z] >>> HTTP REQUEST GET https://cloudfunctions.googleapis.com/v1/operations/Y29pbmx5LTE1NDU2NzE3NDY2NzAvdXMtY2VudHJhbDEvbm90aWZpY2F0aW9uTGlzdGVuZXIvX0pYWG1GcFFWTVE  
 
[debug] [2020-12-30T02:44:06.271Z] <<< HTTP RESPONSE 200 {"content-type":"application/json; charset=UTF-8","vary":"X-Origin, Referer, Origin,Accept-Encoding","date":"Wed, 30 Dec 2020 02:44:04 GMT","server":"ESF","cache-control":"private","x-xss-protection":"0","x-frame-options":"SAMEORIGIN","x-content-type-options":"nosniff","alt-svc":"h3-29=\":443\"; ma=2592000,h3-T051=\":443\"; ma=2592000,h3-Q050=\":443\"; ma=2592000,h3-Q046=\":443\"; ma=2592000,h3-Q043=\":443\"; ma=2592000,quic=\":443\"; ma=2592000; v=\"46,43\"","accept-ranges":"none","transfer-encoding":"chunked"}
[debug] [2020-12-30T02:44:08.283Z] >>> HTTP REQUEST GET https://cloudfunctions.googleapis.com/v1/operations/Y29pbmx5LTE1NDU2NzE3NDY2NzAvdXMtY2VudHJhbDEvbm90aWZpY2F0aW9uTGlzdGVuZXIvX0pYWG1GcFFWTVE  
 
[debug] [2020-12-30T02:44:08.522Z] <<< HTTP RESPONSE 200 {"content-type":"application/json; charset=UTF-8","vary":"X-Origin, Referer, Origin,Accept-Encoding","date":"Wed, 30 Dec 2020 02:44:06 GMT","server":"ESF","cache-control":"private","x-xss-protection":"0","x-frame-options":"SAMEORIGIN","x-content-type-options":"nosniff","alt-svc":"h3-29=\":443\"; ma=2592000,h3-T051=\":443\"; ma=2592000,h3-Q050=\":443\"; ma=2592000,h3-Q046=\":443\"; ma=2592000,h3-Q043=\":443\"; ma=2592000,quic=\":443\"; ma=2592000; v=\"46,43\"","accept-ranges":"none","transfer-encoding":"chunked"}
[debug] [2020-12-30T02:44:10.536Z] >>> HTTP REQUEST GET https://cloudfunctions.googleapis.com/v1/operations/Y29pbmx5LTE1NDU2NzE3NDY2NzAvdXMtY2VudHJhbDEvbm90aWZpY2F0aW9uTGlzdGVuZXIvX0pYWG1GcFFWTVE  
 
[debug] [2020-12-30T02:44:10.669Z] <<< HTTP RESPONSE 200 {"content-type":"application/json; charset=UTF-8","vary":"X-Origin, Referer, Origin,Accept-Encoding","date":"Wed, 30 Dec 2020 02:44:08 GMT","server":"ESF","cache-control":"private","x-xss-protection":"0","x-frame-options":"SAMEORIGIN","x-content-type-options":"nosniff","alt-svc":"h3-29=\":443\"; ma=2592000,h3-T051=\":443\"; ma=2592000,h3-Q050=\":443\"; ma=2592000,h3-Q046=\":443\"; ma=2592000,h3-Q043=\":443\"; ma=2592000,quic=\":443\"; ma=2592000; v=\"46,43\"","accept-ranges":"none","transfer-encoding":"chunked"}
[debug] [2020-12-30T02:44:12.689Z] >>> HTTP REQUEST GET https://cloudfunctions.googleapis.com/v1/operations/Y29pbmx5LTE1NDU2NzE3NDY2NzAvdXMtY2VudHJhbDEvbm90aWZpY2F0aW9uTGlzdGVuZXIvX0pYWG1GcFFWTVE  
 
[debug] [2020-12-30T02:44:12.818Z] <<< HTTP RESPONSE 200 {"content-type":"application/json; charset=UTF-8","vary":"X-Origin, Referer, Origin,Accept-Encoding","date":"Wed, 30 Dec 2020 02:44:10 GMT","server":"ESF","cache-control":"private","x-xss-protection":"0","x-frame-options":"SAMEORIGIN","x-content-type-options":"nosniff","alt-svc":"h3-29=\":443\"; ma=2592000,h3-T051=\":443\"; ma=2592000,h3-Q050=\":443\"; ma=2592000,h3-Q046=\":443\"; ma=2592000,h3-Q043=\":443\"; ma=2592000,quic=\":443\"; ma=2592000; v=\"46,43\"","accept-ranges":"none","transfer-encoding":"chunked"}
[debug] [2020-12-30T02:44:14.831Z] >>> HTTP REQUEST GET https://cloudfunctions.googleapis.com/v1/operations/Y29pbmx5LTE1NDU2NzE3NDY2NzAvdXMtY2VudHJhbDEvbm90aWZpY2F0aW9uTGlzdGVuZXIvX0pYWG1GcFFWTVE  
 
[debug] [2020-12-30T02:44:14.949Z] <<< HTTP RESPONSE 200 {"content-type":"application/json; charset=UTF-8","vary":"X-Origin, Referer, Origin,Accept-Encoding","date":"Wed, 30 Dec 2020 02:44:12 GMT","server":"ESF","cache-control":"private","x-xss-protection":"0","x-frame-options":"SAMEORIGIN","x-content-type-options":"nosniff","alt-svc":"h3-29=\":443\"; ma=2592000,h3-T051=\":443\"; ma=2592000,h3-Q050=\":443\"; ma=2592000,h3-Q046=\":443\"; ma=2592000,h3-Q043=\":443\"; ma=2592000,quic=\":443\"; ma=2592000; v=\"46,43\"","accept-ranges":"none","transfer-encoding":"chunked"}
[debug] [2020-12-30T02:44:16.956Z] >>> HTTP REQUEST GET https://cloudfunctions.googleapis.com/v1/operations/Y29pbmx5LTE1NDU2NzE3NDY2NzAvdXMtY2VudHJhbDEvbm90aWZpY2F0aW9uTGlzdGVuZXIvX0pYWG1GcFFWTVE  
 
[debug] [2020-12-30T02:44:17.101Z] <<< HTTP RESPONSE 200 {"content-type":"application/json; charset=UTF-8","vary":"X-Origin, Referer, Origin,Accept-Encoding","date":"Wed, 30 Dec 2020 02:44:15 GMT","server":"ESF","cache-control":"private","x-xss-protection":"0","x-frame-options":"SAMEORIGIN","x-content-type-options":"nosniff","alt-svc":"h3-29=\":443\"; ma=2592000,h3-T051=\":443\"; ma=2592000,h3-Q050=\":443\"; ma=2592000,h3-Q046=\":443\"; ma=2592000,h3-Q043=\":443\"; ma=2592000,quic=\":443\"; ma=2592000; v=\"46,43\"","accept-ranges":"none","transfer-encoding":"chunked"}
[debug] [2020-12-30T02:44:19.113Z] >>> HTTP REQUEST GET https://cloudfunctions.googleapis.com/v1/operations/Y29pbmx5LTE1NDU2NzE3NDY2NzAvdXMtY2VudHJhbDEvbm90aWZpY2F0aW9uTGlzdGVuZXIvX0pYWG1GcFFWTVE  
 
[debug] [2020-12-30T02:44:19.234Z] <<< HTTP RESPONSE 200 {"content-type":"application/json; charset=UTF-8","vary":"X-Origin, Referer, Origin,Accept-Encoding","date":"Wed, 30 Dec 2020 02:44:17 GMT","server":"ESF","cache-control":"private","x-xss-protection":"0","x-frame-options":"SAMEORIGIN","x-content-type-options":"nosniff","alt-svc":"h3-29=\":443\"; ma=2592000,h3-T051=\":443\"; ma=2592000,h3-Q050=\":443\"; ma=2592000,h3-Q046=\":443\"; ma=2592000,h3-Q043=\":443\"; ma=2592000,quic=\":443\"; ma=2592000; v=\"46,43\"","accept-ranges":"none","transfer-encoding":"chunked"}
